Project, 'coregen', initialised from file
'C:\Users\Kush\Documents\GitHub\forbidden_architecture\Final_Top_level_CPU_NPU_I
nterfaces\Instruction_Memory_Kushagra\coregen.cgp'.
Customizing IP...
Release 12.2 - Xilinx CORE Generator IP GUI Launcher M.63c (nt64)
Copyright (c) 1995-2010 Xilinx, Inc.  All rights reserved.
Initializing IP model...
Finished initialising IP model.
Finished Customizing.
Generating IP...
WARNING:sim:89 - A core named <newInstructionMem> already exists in the output
   directory. Output products for this core may be overwritten.
Initializing IP model...
Finished initialising IP model.
XST: HDL Compilation
XST: Design Hierarchy Analysis
XST: HDL Analysis
XST: HDL Synthesis
XST: Advanced HDL Synthesis
XST: Low Level Synthesis
Generating Implementation files.
Generating ISE symbol file...
Generating NGC file.
Finished Generation Stage.
Generating IP instantiation template...
Generating the VHDL instantiation template.
Finished generating IP instantiation template.
Generating metadata file...
Finished generating metadata file.
Generating metadata file...
Finished generating metadata file.
Generating ISE file...
Finished ISE file generation.
Generating FLIST file...
Finished FLIST file generation.
Preparing output directory...
Finished preparing output directory.
Launching readme viewer...
Launched readme viewer.
Moving files to output directory...
Finished moving files to output directory
Saved options for project 'coregen'.
Saved options for project 'coregen'.
