INFO:sim:172 - Generating IP...
Customizing IP...
Release 14.2 - Xilinx CORE Generator IP GUI Launcher P.28xd (nt64)
Copyright (c) 1995-2012 Xilinx, Inc.  All rights reserved.
Finished Customizing.
Generating IP...
WARNING:sim:472 - The chosen IP does not support a Verilog behavioral model,
   generating a Verilog structural model instead.
XST: HDL Parsing
XST: HDL Elaboration
XST: HDL Synthesis
XST: Advanced HDL Synthesis
XST: Low Level Synthesis
XST: Partition Report
XST: Design Summary
Generating Implementation files.
Generating NGC file.
Generating Verilog structural model.
Finished Generation.
Generating IP instantiation template...
Generating ASY schematic symbol...
INFO:sim:949 - Finished generation of ASY schematic symbol.
Generating SYM schematic symbol for 'MDU_Divider'...
Generating metadata file...
Generating ISE project...
XCO file found: MDU_Divider.xco
XMDF file found: MDU_Divider_xmdf.tcl
Adding MDU_Divider.asy -view all -origin_type imported
Adding MDU_Divider.ngc -view all -origin_type created
Checking file "./MDU_Divider.ngc" for project device match ...
File "./MDU_Divider.ngc" device information matches project device.
Adding MDU_Divider.sym -view all -origin_type imported
Adding MDU_Divider.v -view all -origin_type created
INFO:HDLCompiler:1845 - Analyzing Verilog file
   "E:/CPU/ipcore_dir/tmp/_cg/MDU_Divider.v" into library work
INFO:ProjectMgmt - Parsing design hierarchy completed successfully.
Adding MDU_Divider.veo -view all -origin_type imported
INFO:TclTasksC:2116 - The automatic calculation of top has been turned-off.
   Please set the new top explicitly by running the "project set top" command.
   To re-calculate the new top automatically, set the "Auto Implementation Top"
   property to true.
Top level has been set to "/MDU_Divider"
Generating README file...
Generating FLIST file...
INFO:sim:948 - Finished FLIST file generation.
Launching README viewer...
Moving files to output directory...
Finished moving files to output directory
Wrote CGP file for project 'MDU_Divider'.
