SET_PARAMETER output_depth 1024
SET_PARAMETER programmable_full_type No_Programmable_Full_Threshold
SET_PARAMETER input_data_width 24
SET_PARAMETER dout_reset_value 0
SET_PARAMETER write_acknowledge_flag false
SET_PARAMETER full_flags_reset_value 1
SET_PARAMETER write_clock_frequency 1
SET_PARAMETER programmable_empty_type No_Programmable_Empty_Threshold
SET_PARAMETER input_depth 1024
SET_PARAMETER valid_flag false
SET_PARAMETER inject_dbit_error false
SET_PARAMETER overflow_sense Active_High
SET_PARAMETER data_count_width 10
SET_PARAMETER valid_sense Active_High
SET_PARAMETER output_data_width 24
SET_PARAMETER full_threshold_assert_value 1021
SET_PARAMETER write_data_count_width 10
SET_PARAMETER overflow_flag false
SET_PARAMETER enable_int_clk false
SET_PARAMETER disable_timing_violations false
SET_PARAMETER reset_pin true
SET_PARAMETER fifo_implementation Independent_Clocks_Block_RAM
SET_PARAMETER empty_threshold_assert_value 2
SET_PARAMETER data_count false
SET_PARAMETER inject_sbit_error false
SET_PARAMETER use_extra_logic false
SET_PARAMETER component_name xfifo_1
SET_PARAMETER underflow_sense Active_High
SET_PARAMETER read_clock_frequency 1
SET_PARAMETER full_threshold_negate_value 1020
SET_PARAMETER almost_empty_flag false
SET_PARAMETER underflow_flag false
SET_PARAMETER reset_type Asynchronous_Reset
SET_PARAMETER read_data_count_width 10
SET_PARAMETER use_dout_reset true
SET_PARAMETER read_data_count false
SET_PARAMETER write_data_count false
SET_PARAMETER almost_full_flag false
SET_PARAMETER write_acknowledge_sense Active_High
SET_PARAMETER empty_threshold_negate_value 3
SET_PARAMETER use_embedded_registers false
SET_PARAMETER performance_options Standard_FIFO
SET_PARAMETER enable_reset_synchronization true
SET_PARAMETER enable_ecc false
SET_ERROR_CODE 2
SET_ERROR_MSG  CANCEL: Customization cancelled.
SET_ERROR_TEXT Finished initializing IP model.	
